2025-09-16 16:36:15 [Contrarian][WARNING] [EURUSDc] 🚨 CONTRARIAN ALERT: Strategy blocked by RiskGuard (limit %)
2025-09-16 16:36:15 [Contrarian][WARNING] [EURUSDc] 🚨 CONTRARIAN ALERT: Indicators align but Spread too high (100 > 25)
2025-09-16 16:36:15 [Contrarian][WARNING] [EURUSDc] 🚨 CONTRARIAN ALERT: Indicators gave mixed signals
2025-09-16 16:36:15 [Contrarian][WARNING] [EURUSDc] 🚨 CONTRARIAN ALERT: Indicators align but Spread too high (50 > 25)
2025-09-16 16:36:15 [Contrarian][WARNING] [EURUSDc] 🚨 CONTRARIAN ALERT: Strategy blocked by RiskGuard (hard limit)
2025-09-16 16:36:15 [Contrarian][WARNING] [EURUSDc] 🚨 CONTRARIAN ALERT: Strategy blocked by RiskGuard (limit %)
2025-09-16 17:04:21 [Contrarian][WARNING] [EURUSDc] 🚨 CONTRARIAN ALERT: Strategy blocked by RiskGuard (limit %)
2025-09-16 17:04:21 [Contrarian][WARNING] [EURUSDc] 🚨 CONTRARIAN ALERT: Indicators align but Spread too high (100 > 25)
2025-09-16 17:04:21 [Contrarian][WARNING] [EURUSDc] 🚨 CONTRARIAN ALERT: Indicators gave mixed signals
2025-09-16 17:04:21 [Contrarian][WARNING] [EURUSDc] 🚨 CONTRARIAN ALERT: Indicators align but Spread too high (50 > 25)
2025-09-16 17:04:21 [Contrarian][WARNING] [EURUSDc] 🚨 CONTRARIAN ALERT: Strategy blocked by RiskGuard (hard limit)
2025-09-16 17:04:21 [Contrarian][WARNING] [EURUSDc] 🚨 CONTRARIAN ALERT: Strategy blocked by RiskGuard (limit %)
2025-09-16 17:04:21 [Contrarian][WARNING] [EURUSDc] 🚨 CONTRARIAN ALERT: Indicators gave mixed signals
2025-09-16 17:04:21 [Contrarian][WARNING] [EURUSDc] 🚨 CONTRARIAN ALERT: Indicators gave mixed signals
2025-09-16 17:04:22 [Contrarian][WARNING] [EURUSDc] 🚨 CONTRARIAN ALERT: Indicators gave mixed signals
2025-09-16 17:04:22 [Contrarian][WARNING] [EURUSDc] 🚨 CONTRARIAN ALERT: Indicators gave mixed signals
2025-09-16 17:04:22 [Contrarian][WARNING] [EURUSDc] 🚨 CONTRARIAN ALERT: Indicators gave mixed signals
2025-09-16 17:04:22 [Contrarian][WARNING] [EURUSDc] 🚨 CONTRARIAN ALERT: Indicators gave mixed signals
2025-09-16 17:04:22 [Contrarian][WARNING] [EURUSDc] 🚨 CONTRARIAN ALERT: Indicators gave mixed signals
2025-09-16 17:04:22 [Contrarian][WARNING] [EURUSDc] 🚨 CONTRARIAN ALERT: Indicators gave mixed signals
2025-09-16 17:04:22 [Contrarian][WARNING] [EURUSDc] 🚨 CONTRARIAN ALERT: Indicators gave mixed signals
2025-09-16 17:06:42 [Contrarian][WARNING] [EURUSDc] 🚨 CONTRARIAN ALERT: Strategy blocked by RiskGuard (limit %)
2025-09-16 17:06:42 [Contrarian][WARNING] [EURUSDc] 🚨 CONTRARIAN ALERT: Indicators align but Spread too high (100 > 25)
2025-09-16 17:06:42 [Contrarian][WARNING] [EURUSDc] 🚨 CONTRARIAN ALERT: Indicators gave mixed signals
2025-09-16 17:06:42 [Contrarian][WARNING] [EURUSDc] 🚨 CONTRARIAN ALERT: Indicators align but Spread too high (50 > 25)
2025-09-16 17:06:42 [Contrarian][WARNING] [EURUSDc] 🚨 CONTRARIAN ALERT: Strategy blocked by RiskGuard (hard limit)
2025-09-16 17:06:42 [Contrarian][WARNING] [EURUSDc] 🚨 CONTRARIAN ALERT: Strategy blocked by RiskGuard (limit %)
2025-09-16 17:06:42 [Contrarian][WARNING] [EURUSDc] 🚨 CONTRARIAN ALERT: Indicators gave mixed signals
2025-09-16 17:06:42 [Contrarian][WARNING] [EURUSDc] 🚨 CONTRARIAN ALERT: Indicators gave mixed signals
2025-09-16 17:06:42 [Contrarian][WARNING] [EURUSDc] 🚨 CONTRARIAN ALERT: Indicators gave mixed signals
2025-09-16 17:06:42 [Contrarian][WARNING] [EURUSDc] 🚨 CONTRARIAN ALERT: Indicators gave mixed signals
2025-09-16 17:06:42 [Contrarian][WARNING] [EURUSDc] 🚨 CONTRARIAN ALERT: Indicators gave mixed signals
2025-09-16 17:06:42 [Contrarian][WARNING] [EURUSDc] 🚨 CONTRARIAN ALERT: Indicators gave mixed signals
2025-09-16 17:06:42 [Contrarian][WARNING] [EURUSDc] 🚨 CONTRARIAN ALERT: Indicators gave mixed signals
2025-09-16 17:06:42 [Contrarian][WARNING] [EURUSDc] 🚨 CONTRARIAN ALERT: Indicators gave mixed signals
2025-09-16 17:06:42 [Contrarian][WARNING] [EURUSDc] 🚨 CONTRARIAN ALERT: Indicators gave mixed signals
2025-09-16 17:06:43 [Contrarian][WARNING] [EURUSDc] 🚨 CONTRARIAN ALERT: Indicators gave mixed signals
2025-09-16 17:08:19 [Contrarian][WARNING] [EURUSDc] 🚨 CONTRARIAN ALERT: Indicators align but Spread too high (50 > 25)
2025-09-16 17:08:19 [Contrarian][WARNING] [EURUSDc] 🚨 CONTRARIAN ALERT: Strategy blocked by RiskGuard (hard limit)
2025-09-16 17:08:19 [Contrarian][WARNING] [EURUSDc] 🚨 CONTRARIAN ALERT: Strategy blocked by RiskGuard (limit %)
2025-09-16 17:08:19 [Contrarian][WARNING] [EURUSDc] 🚨 CONTRARIAN ALERT: Indicators gave mixed signals
2025-09-16 17:08:19 [Contrarian][WARNING] [EURUSDc] 🚨 CONTRARIAN ALERT: Indicators gave mixed signals
2025-09-16 17:08:19 [Contrarian][WARNING] [EURUSDc] 🚨 CONTRARIAN ALERT: Indicators gave mixed signals
2025-09-16 17:08:19 [Contrarian][WARNING] [EURUSDc] 🚨 CONTRARIAN ALERT: Indicators gave mixed signals
2025-09-16 17:08:19 [Contrarian][WARNING] [EURUSDc] 🚨 CONTRARIAN ALERT: Indicators gave mixed signals
2025-09-16 17:08:19 [Contrarian][WARNING] [EURUSDc] 🚨 CONTRARIAN ALERT: Indicators gave mixed signals
2025-09-16 17:08:19 [Contrarian][WARNING] [EURUSDc] 🚨 CONTRARIAN ALERT: Indicators gave mixed signals
2025-09-16 17:08:19 [Contrarian][WARNING] [EURUSDc] 🚨 CONTRARIAN ALERT: Indicators gave mixed signals
2025-09-16 17:08:19 [Contrarian][WARNING] [EURUSDc] 🚨 CONTRARIAN ALERT: Indicators gave mixed signals
2025-09-16 17:08:20 [Contrarian][WARNING] [EURUSDc] 🚨 CONTRARIAN ALERT: Indicators gave mixed signals
2025-09-16 17:22:19 [Contrarian][WARNING] CONTRARIAN ALERT: [EURUSDc] ⚠ Spread too high (50)
2025-09-16 17:22:19 [Contrarian][WARNING] CONTRARIAN ALERT: [EURUSDc] ⚠ Hard loss limit reached -100.00 <= -50
2025-09-16 17:22:19 [Contrarian][WARNING] CONTRARIAN ALERT: [EURUSDc] ⚠ Loss % limit reached -500.00 / 2.0%
2025-09-16 17:22:19 [Contrarian][WARNING] CONTRARIAN ALERT: [EURUSDc] ⚠ Unclear direction
2025-09-16 17:22:19 [Contrarian][WARNING] CONTRARIAN ALERT: [EURUSDc] ⚠ Loss % limit reached -350.00 / 2.0%
2025-09-16 17:22:19 [Contrarian][WARNING] CONTRARIAN ALERT: [EURUSDc] ⚠ Unclear direction
2025-09-16 17:22:19 [Contrarian][WARNING] CONTRARIAN ALERT: [EURUSDc] ⚠ Loss % limit reached -200.00 / 2.0%
2025-09-16 17:22:20 [Contrarian][WARNING] CONTRARIAN ALERT: [EURUSDc] ⚠ Unclear direction
2025-09-16 17:22:20 [Contrarian][WARNING] CONTRARIAN ALERT: [BTCUSDc] ⚠ Unclear direction
2025-09-16 17:22:20 [Contrarian][WARNING] CONTRARIAN ALERT: [XAUUSDc] ⚠ Unclear direction
2025-09-16 17:22:20 [Contrarian][WARNING] CONTRARIAN ALERT: [EURUSDc] ⚠ Unclear direction
2025-09-16 17:22:20 [Contrarian][WARNING] CONTRARIAN ALERT: [AUDUSDc] ⚠ Unclear direction
2025-09-16 17:22:20 [Contrarian][WARNING] CONTRARIAN ALERT: [NZDUSDc] ⚠ Unclear direction
2025-09-16 17:22:20 [Contrarian][WARNING] CONTRARIAN ALERT: [GBPUSDc] ⚠ Unclear direction
2025-09-16 17:26:00 [Contrarian][WARNING] CONTRARIAN ALERT: [EURUSDc] ⚠ Spread too high (50)
2025-09-16 17:26:00 [Contrarian][WARNING] CONTRARIAN ALERT: [EURUSDc] ⚠ Hard loss limit reached -100.00 <= -50
2025-09-16 17:26:00 [Contrarian][WARNING] CONTRARIAN ALERT: [EURUSDc] ⚠ Loss % limit reached -500.00 / 2.0%
2025-09-16 17:26:00 [Contrarian][WARNING] CONTRARIAN ALERT: [EURUSDc] ⚠ Unclear direction
2025-09-16 17:26:00 [Contrarian][WARNING] CONTRARIAN ALERT: [EURUSDc] ⚠ Unclear direction
2025-09-16 17:26:00 [Contrarian][WARNING] CONTRARIAN ALERT: [EURUSDc] ⚠ Unclear direction
2025-09-16 17:26:00 [Contrarian][WARNING] CONTRARIAN ALERT: [EURUSDc] ⚠ Unclear direction
2025-09-16 17:26:00 [Contrarian][WARNING] CONTRARIAN ALERT: [EURUSDc] ⚠ Unclear direction
2025-09-16 17:26:00 [Contrarian][WARNING] CONTRARIAN ALERT: [EURUSDc] ⚠ Unclear direction
2025-09-16 17:26:00 [Contrarian][WARNING] CONTRARIAN ALERT: [EURUSDc] ⚠ Unclear direction
2025-09-16 17:26:01 [Contrarian][WARNING] CONTRARIAN ALERT: [EURUSDc] ⚠ Unclear direction
2025-09-16 17:32:35 [Contrarian][WARNING] CONTRARIAN ALERT: [EURUSDc] ⚠ Spread too high (50)
2025-09-16 17:32:35 [Contrarian][WARNING] CONTRARIAN ALERT: [EURUSDc] ⚠ Hard loss limit reached -100.00 <= -50
2025-09-16 17:32:35 [Contrarian][WARNING] CONTRARIAN ALERT: [EURUSDc] ⚠ Loss % limit reached -500.00 / 2.0%
2025-09-16 17:32:35 [Contrarian][WARNING] CONTRARIAN ALERT: [EURUSDc] ⚠ Unclear direction
2025-09-16 17:32:35 [Contrarian][WARNING] CONTRARIAN ALERT: [EURUSDc] ⚠ Unclear direction
2025-09-16 17:32:35 [Contrarian][WARNING] CONTRARIAN ALERT: [EURUSDc] ⚠ Unclear direction
2025-09-16 17:32:35 [Contrarian][WARNING] CONTRARIAN ALERT: [EURUSDc] ⚠ Unclear direction
2025-09-16 17:32:35 [Contrarian][WARNING] CONTRARIAN ALERT: [EURUSDc] ⚠ Unclear direction
2025-09-16 17:32:35 [Contrarian][WARNING] CONTRARIAN ALERT: [EURUSDc] ⚠ Unclear direction
2025-09-16 17:32:35 [Contrarian][WARNING] CONTRARIAN ALERT: [EURUSDc] ⚠ Unclear direction
2025-09-16 17:32:35 [Contrarian][WARNING] CONTRARIAN ALERT: [EURUSDc] ⚠ Unclear direction
2025-09-16 17:32:35 [Contrarian][WARNING] CONTRARIAN ALERT: [EURUSDc] ⚠ Unclear direction
2025-09-16 17:32:35 [Contrarian][WARNING] CONTRARIAN ALERT: [EURUSDc] ⚠ Unclear direction
2025-09-16 17:32:35 [Contrarian][WARNING] CONTRARIAN ALERT: [BTCUSDc] ⚠ Unclear direction
2025-09-16 17:32:35 [Contrarian][WARNING] CONTRARIAN ALERT: [XAUUSDc] ⚠ Unclear direction
2025-09-16 17:32:35 [Contrarian][WARNING] CONTRARIAN ALERT: [EURUSDc] ⚠ Unclear direction
2025-09-16 17:32:35 [Contrarian][WARNING] CONTRARIAN ALERT: [AUDUSDc] ⚠ Unclear direction
2025-09-16 17:32:35 [Contrarian][WARNING] CONTRARIAN ALERT: [NZDUSDc] ⚠ Unclear direction
2025-09-16 17:32:35 [Contrarian][WARNING] CONTRARIAN ALERT: [GBPUSDc] ⚠ Unclear direction
2025-09-16 17:32:36 [Contrarian][WARNING] CONTRARIAN ALERT: [EURUSDc] ⚠ Unclear direction
